windows exception 0xc0000005 at address 0x00007FF60942DDFA
Using pre-set license
Built from '2020.3/staging' branch; Version is '2020.3.23f1 (c5d91304a876) revision 12966163'; Using compiler version '192528614'; Build Type 'Release'
OS: 'Windows 10 Pro; OS build 18362.1256; Version 1903; 64bit' Language: 'en' Physical Memory: 3974 MB
BatchMode: 1, IsHumanControllingUs: 0, StartBugReporterOnCrash: 0, Is64bit: 1, IsPro: 0

COMMAND LINE ARGUMENTS:
D:\Program Unity\2020.3.23f1\Editor\Unity.exe
-adb2
-batchMode
-noUpm
-name
AssetImportWorker2
-projectPath
D:/Program Unity/Projek GRAFKOM (Zero Trash)
-logFile
Logs/AssetImportWorker2.log
-srvPort
59373
Successfully changed project path to: D:/Program Unity/Projek GRAFKOM (Zero Trash)
D:/Program Unity/Projek GRAFKOM (Zero Trash)
Using Asset Import Pipeline V2.
received signal from system: SIGSEGV
Stack trace:
0x00007ff60a4d09dc (Unity) 
0x00007ff60a4d9079 (Unity) 
0x00007ff60ba0973c (Unity) 
0x00007ff60a4cf9a3 (Unity) 
0x00007fff0a5e117a (KERNELBASE) 
0x00007fff0d565132 (ntdll) 
0x00007fff0d54ccd6 (ntdll) 
0x00007fff0d56184f (ntdll) 
0x00007fff0d52a889 (ntdll) 
0x00007fff0d5604be (ntdll) 
0x00007ff60942ddfa (Unity) 
0x00007ff60942be80 (Unity) 
0x00007ff60942b68a (Unity) 
0x00007ff609420594 (Unity) 
0x00007ff609406f15 (Unity) 
0x00007ff60940603b (Unity) 
0x00007ff609437c07 (Unity) 
0x00007ff60941c492 (Unity) 
0x00007ff60a151408 (Unity) 
0x00007fff0ce77c24 (KERNEL32) 
0x00007fff0d52d4d1 (ntdll) 

